<?xml version="1.0" encoding="UTF-8"?>
<testsuite name="com.example.rqchallenge.controllers.EmployeeControllerTest" tests="5" skipped="0" failures="0" errors="0" timestamp="2024-08-31T15:58:54" hostname="THEO" time="0.152">
  <properties/>
  <testcase name="getEmployeeByNameSearchTest()" classname="com.example.rqchallenge.controllers.EmployeeControllerTest" time="0.129"/>
  <testcase name="getAllEmployeesTest()" classname="com.example.rqchallenge.controllers.EmployeeControllerTest" time="0.008"/>
  <testcase name="getHighestEarningEmployeeNamesTest()" classname="com.example.rqchallenge.controllers.EmployeeControllerTest" time="0.004"/>
  <testcase name="getEmployeeByIdTest()" classname="com.example.rqchallenge.controllers.EmployeeControllerTest" time="0.004"/>
  <testcase name="getHighestSalaryOfEmployees()" classname="com.example.rqchallenge.controllers.EmployeeControllerTest" time="0.003"/>
  <system-out><![CDATA[09:58:52.699 [Test worker] DEBUG org.springframework.test.context.BootstrapUtils - Instantiating CacheAwareContextLoaderDelegate from class [org.springframework.test.context.cache.DefaultCacheAwareContextLoaderDelegate]
09:58:52.707 [Test worker] DEBUG org.springframework.test.context.BootstrapUtils - Instantiating BootstrapContext using constructor [public org.springframework.test.context.support.DefaultBootstrapContext(java.lang.Class,org.springframework.test.context.CacheAwareContextLoaderDelegate)]
09:58:52.734 [Test worker] DEBUG org.springframework.test.context.BootstrapUtils - Instantiating TestContextBootstrapper for test class [com.example.rqchallenge.controllers.EmployeeControllerTest] from class [org.springframework.boot.test.context.SpringBootTestContextBootstrapper]
09:58:52.742 [Test worker] INFO org.springframework.boot.test.context.SpringBootTestContextBootstrapper - Neither @ContextConfiguration nor @ContextHierarchy found for test class [com.example.rqchallenge.controllers.EmployeeControllerTest], using SpringBootContextLoader
09:58:52.745 [Test worker] DEBUG org.springframework.test.context.support.AbstractContextLoader - Did not detect default resource location for test class [com.example.rqchallenge.controllers.EmployeeControllerTest]: class path resource [com/example/rqchallenge/controllers/EmployeeControllerTest-context.xml] does not exist
09:58:52.745 [Test worker] DEBUG org.springframework.test.context.support.AbstractContextLoader - Did not detect default resource location for test class [com.example.rqchallenge.controllers.EmployeeControllerTest]: class path resource [com/example/rqchallenge/controllers/EmployeeControllerTestContext.groovy] does not exist
09:58:52.745 [Test worker] INFO org.springframework.test.context.support.AbstractContextLoader - Could not detect default resource locations for test class [com.example.rqchallenge.controllers.EmployeeControllerTest]: no resource found for suffixes {-context.xml, Context.groovy}.
09:58:52.746 [Test worker] INFO org.springframework.test.context.support.AnnotationConfigContextLoaderUtils - Could not detect default configuration classes for test class [com.example.rqchallenge.controllers.EmployeeControllerTest]: EmployeeControllerTest does not declare any static, non-private, non-final, nested classes annotated with @Configuration.
09:58:52.774 [Test worker] DEBUG org.springframework.test.context.support.ActiveProfilesUtils - Could not find an 'annotation declaring class' for annotation type [org.springframework.test.context.ActiveProfiles] and class [com.example.rqchallenge.controllers.EmployeeControllerTest]
09:58:52.832 [Test worker] DEBUG org.springframework.context.annotation.ClassPathScanningCandidateComponentProvider - Identified candidate component class: file [C:\Users\kakki\Documents\Dev\ReliaQuest\java-employee-challenge\build\classes\java\main\com\example\rqchallenge\RqChallengeApplication.class]
09:58:52.833 [Test worker] INFO org.springframework.boot.test.context.SpringBootTestContextBootstrapper - Found @SpringBootConfiguration com.example.rqchallenge.RqChallengeApplication for test class com.example.rqchallenge.controllers.EmployeeControllerTest
09:58:52.906 [Test worker] DEBUG org.springframework.boot.test.context.SpringBootTestContextBootstrapper - @TestExecutionListeners is not present for class [com.example.rqchallenge.controllers.EmployeeControllerTest]: using defaults.
09:58:52.906 [Test worker] INFO org.springframework.boot.test.context.SpringBootTestContextBootstrapper - Loaded default TestExecutionListener class names from location [META-INF/spring.factories]: [org.springframework.boot.test.autoconfigure.restdocs.RestDocsTestExecutionListener, org.springframework.boot.test.autoconfigure.web.client.MockRestServiceServerResetTestExecutionListener, org.springframework.boot.test.autoconfigure.web.servlet.MockMvcPrintOnlyOnFailureTestExecutionListener, org.springframework.boot.test.autoconfigure.web.servlet.WebDriverTestExecutionListener, org.springframework.boot.test.autoconfigure.webservices.client.MockWebServiceServerTestExecutionListener, org.springframework.boot.test.mock.mockito.MockitoTestExecutionListener, org.springframework.boot.test.mock.mockito.ResetMocksTestExecutionListener, org.springframework.test.context.web.ServletTestExecutionListener, org.springframework.test.context.support.DirtiesContextBeforeModesTestExecutionListener, org.springframework.test.context.event.ApplicationEventsTestExecutionListener, org.springframework.test.context.support.DependencyInjectionTestExecutionListener, org.springframework.test.context.support.DirtiesContextTestExecutionListener, org.springframework.test.context.transaction.TransactionalTestExecutionListener, org.springframework.test.context.jdbc.SqlScriptsTestExecutionListener, org.springframework.test.context.event.EventPublishingTestExecutionListener]
09:58:52.915 [Test worker] DEBUG org.springframework.boot.test.context.SpringBootTestContextBootstrapper - Skipping candidate TestExecutionListener [org.springframework.test.context.transaction.TransactionalTestExecutionListener] due to a missing dependency. Specify custom listener classes or make the default listener classes and their required dependencies available. Offending class: [org/springframework/transaction/interceptor/TransactionAttributeSource]
09:58:52.915 [Test worker] DEBUG org.springframework.boot.test.context.SpringBootTestContextBootstrapper - Skipping candidate TestExecutionListener [org.springframework.test.context.jdbc.SqlScriptsTestExecutionListener] due to a missing dependency. Specify custom listener classes or make the default listener classes and their required dependencies available. Offending class: [org/springframework/transaction/interceptor/TransactionAttribute]
09:58:52.915 [Test worker] INFO org.springframework.boot.test.context.SpringBootTestContextBootstrapper - Using TestExecutionListeners: [org.springframework.test.context.web.ServletTestExecutionListener@7db82169, org.springframework.test.context.support.DirtiesContextBeforeModesTestExecutionListener@1992eaf4, org.springframework.test.context.event.ApplicationEventsTestExecutionListener@f74e835, org.springframework.boot.test.mock.mockito.MockitoTestExecutionListener@3276732, org.springframework.boot.test.autoconfigure.SpringBootDependencyInjectionTestExecutionListener@3f28bd56, org.springframework.test.context.support.DirtiesContextTestExecutionListener@31e3250d, org.springframework.test.context.event.EventPublishingTestExecutionListener@19fe4644, org.springframework.boot.test.autoconfigure.restdocs.RestDocsTestExecutionListener@21d8bcbe, org.springframework.boot.test.autoconfigure.web.client.MockRestServiceServerResetTestExecutionListener@5be067de, org.springframework.boot.test.autoconfigure.web.servlet.MockMvcPrintOnlyOnFailureTestExecutionListener@7383eae2, org.springframework.boot.test.autoconfigure.web.servlet.WebDriverTestExecutionListener@18245eb0, org.springframework.boot.test.autoconfigure.webservices.client.MockWebServiceServerTestExecutionListener@7c7d3c46, org.springframework.boot.test.mock.mockito.ResetMocksTestExecutionListener@24fb6a80]
09:58:52.922 [Test worker] DEBUG org.springframework.test.context.support.AbstractDirtiesContextTestExecutionListener - Before test class: context [DefaultTestContext@7a7471ce testClass = EmployeeControllerTest, testInstance = [null], testMethod = [null], testException = [null], mergedContextConfiguration = [WebMergedContextConfiguration@28276e50 testClass = EmployeeControllerTest, locations = '{}', classes = '{class com.example.rqchallenge.RqChallengeApplication}', contextInitializerClasses = '[]', activeProfiles = '{}', propertySourceLocations = '{}', propertySourceProperties = '{org.springframework.boot.test.context.SpringBootTestContextBootstrapper=true}', contextCustomizers = set[org.springframework.boot.test.autoconfigure.actuate.metrics.MetricsExportContextCustomizerFactory$DisableMetricExportContextCustomizer@5812f68b, org.springframework.boot.test.autoconfigure.properties.PropertyMappingContextCustomizer@0, org.springframework.boot.test.autoconfigure.web.servlet.WebDriverContextCustomizerFactory$Customizer@31dadd46, org.springframework.boot.test.context.filter.ExcludeFilterContextCustomizer@1f010bf0, org.springframework.boot.test.json.DuplicateJsonObjectContextCustomizerFactory$DuplicateJsonObjectContextCustomizer@1921ad94, org.springframework.boot.test.mock.mockito.MockitoContextCustomizer@0, org.springframework.boot.test.web.client.TestRestTemplateContextCustomizer@4b6e2263, org.springframework.boot.test.context.SpringBootTestArgs@1, org.springframework.boot.test.context.SpringBootTestWebEnvironment@a2431d0], resourceBasePath = 'src/main/webapp', contextLoader = 'org.springframework.boot.test.context.SpringBootContextLoader', parent = [null]], attributes = map['org.springframework.test.context.web.ServletTestExecutionListener.activateListener' -> true]], class annotated with @DirtiesContext [false] with mode [null].
09:58:53.353 [Test worker] DEBUG org.springframework.boot.ApplicationServletEnvironment - Activating profiles []
09:58:53.353 [Test worker] DEBUG org.springframework.test.context.support.TestPropertySourceUtils - Adding inlined properties to environment: {spring.jmx.enabled=false, org.springframework.boot.test.context.SpringBootTestContextBootstrapper=true}

  .   ____          _            __ _ _
 /\\ / ___'_ __ _ _(_)_ __  __ _ \ \ \ \
( ( )\___ | '_ | '_| | '_ \/ _` | \ \ \ \
 \\/  ___)| |_)| | | | | || (_| |  ) ) ) )
  '  |____| .__|_| |_|_| |_\__, | / / / /
 =========|_|==============|___/=/_/_/_/
 :: Spring Boot ::                (v2.6.1)

2024-08-31 09:58:53.588  INFO 15336 --- [    Test worker] c.e.r.c.EmployeeControllerTest           : Starting EmployeeControllerTest using Java 17.0.11 on Theo with PID 15336 (started by kakki in C:\Users\kakki\Documents\Dev\ReliaQuest\java-employee-challenge)
2024-08-31 09:58:53.589  INFO 15336 --- [    Test worker] c.e.r.c.EmployeeControllerTest           : No active profile set, falling back to default profiles: default
2024-08-31 09:58:54.828  INFO 15336 --- [    Test worker] c.e.r.c.EmployeeControllerTest           : Started EmployeeControllerTest in 1.473 seconds (JVM running for 2.778)
2024-08-31 09:58:54.927  INFO 15336 --- [    Test worker] c.e.r.controllers.EmployeeController     : Received 24 employees with name Haley
2024-08-31 09:58:54.997  INFO 15336 --- [    Test worker] c.e.r.controllers.EmployeeController     : Received 24 employees 
2024-08-31 09:58:55.006  INFO 15336 --- [    Test worker] c.e.r.controllers.EmployeeController     : Found top 10 highest salary employees
2024-08-31 09:58:55.011  INFO 15336 --- [    Test worker] c.e.r.controllers.EmployeeController     : Found employee with id 14
2024-08-31 09:58:55.015  INFO 15336 --- [    Test worker] c.e.r.controllers.EmployeeController     : Highest employee salary is 725000
]]></system-out>
  <system-err><![CDATA[]]></system-err>
</testsuite>
