<?xml version="1.0" encoding="UTF-8"?>
<testsuite name="com.example.rqchallenge.controllers.EmployeeControllerTest" tests="5" skipped="0" failures="0" errors="0" timestamp="2024-08-31T05:16:09" hostname="THEO" time="0.588">
  <properties/>
  <testcase name="getEmployeeByNameSearchTest()" classname="com.example.rqchallenge.controllers.EmployeeControllerTest" time="0.573"/>
  <testcase name="getAllEmployeesTest()" classname="com.example.rqchallenge.controllers.EmployeeControllerTest" time="0.007"/>
  <testcase name="getHighestEarningEmployeeNamesTest()" classname="com.example.rqchallenge.controllers.EmployeeControllerTest" time="0.003"/>
  <testcase name="getEmployeeByIdTest()" classname="com.example.rqchallenge.controllers.EmployeeControllerTest" time="0.003"/>
  <testcase name="getHighestSalaryOfEmployees()" classname="com.example.rqchallenge.controllers.EmployeeControllerTest" time="0.002"/>
  <system-out><![CDATA[23:16:08.051 [Test worker] DEBUG org.springframework.test.context.BootstrapUtils - Instantiating CacheAwareContextLoaderDelegate from class [org.springframework.test.context.cache.DefaultCacheAwareContextLoaderDelegate]
23:16:08.059 [Test worker] DEBUG org.springframework.test.context.BootstrapUtils - Instantiating BootstrapContext using constructor [public org.springframework.test.context.support.DefaultBootstrapContext(java.lang.Class,org.springframework.test.context.CacheAwareContextLoaderDelegate)]
23:16:08.084 [Test worker] DEBUG org.springframework.test.context.BootstrapUtils - Instantiating TestContextBootstrapper for test class [com.example.rqchallenge.controllers.EmployeeControllerTest] from class [org.springframework.boot.test.context.SpringBootTestContextBootstrapper]
23:16:08.092 [Test worker] INFO org.springframework.boot.test.context.SpringBootTestContextBootstrapper - Neither @ContextConfiguration nor @ContextHierarchy found for test class [com.example.rqchallenge.controllers.EmployeeControllerTest], using SpringBootContextLoader
23:16:08.095 [Test worker] DEBUG org.springframework.test.context.support.AbstractContextLoader - Did not detect default resource location for test class [com.example.rqchallenge.controllers.EmployeeControllerTest]: class path resource [com/example/rqchallenge/controllers/EmployeeControllerTest-context.xml] does not exist
23:16:08.095 [Test worker] DEBUG org.springframework.test.context.support.AbstractContextLoader - Did not detect default resource location for test class [com.example.rqchallenge.controllers.EmployeeControllerTest]: class path resource [com/example/rqchallenge/controllers/EmployeeControllerTestContext.groovy] does not exist
23:16:08.095 [Test worker] INFO org.springframework.test.context.support.AbstractContextLoader - Could not detect default resource locations for test class [com.example.rqchallenge.controllers.EmployeeControllerTest]: no resource found for suffixes {-context.xml, Context.groovy}.
23:16:08.096 [Test worker] INFO org.springframework.test.context.support.AnnotationConfigContextLoaderUtils - Could not detect default configuration classes for test class [com.example.rqchallenge.controllers.EmployeeControllerTest]: EmployeeControllerTest does not declare any static, non-private, non-final, nested classes annotated with @Configuration.
23:16:08.125 [Test worker] DEBUG org.springframework.test.context.support.ActiveProfilesUtils - Could not find an 'annotation declaring class' for annotation type [org.springframework.test.context.ActiveProfiles] and class [com.example.rqchallenge.controllers.EmployeeControllerTest]
23:16:08.178 [Test worker] DEBUG org.springframework.context.annotation.ClassPathScanningCandidateComponentProvider - Identified candidate component class: file [C:\Users\kakki\Documents\Dev\ReliaQuest\java-employee-challenge\build\classes\java\main\com\example\rqchallenge\RqChallengeApplication.class]
23:16:08.179 [Test worker] INFO org.springframework.boot.test.context.SpringBootTestContextBootstrapper - Found @SpringBootConfiguration com.example.rqchallenge.RqChallengeApplication for test class com.example.rqchallenge.controllers.EmployeeControllerTest
23:16:08.256 [Test worker] DEBUG org.springframework.boot.test.context.SpringBootTestContextBootstrapper - @TestExecutionListeners is not present for class [com.example.rqchallenge.controllers.EmployeeControllerTest]: using defaults.
23:16:08.256 [Test worker] INFO org.springframework.boot.test.context.SpringBootTestContextBootstrapper - Loaded default TestExecutionListener class names from location [META-INF/spring.factories]: [org.springframework.boot.test.autoconfigure.restdocs.RestDocsTestExecutionListener, org.springframework.boot.test.autoconfigure.web.client.MockRestServiceServerResetTestExecutionListener, org.springframework.boot.test.autoconfigure.web.servlet.MockMvcPrintOnlyOnFailureTestExecutionListener, org.springframework.boot.test.autoconfigure.web.servlet.WebDriverTestExecutionListener, org.springframework.boot.test.autoconfigure.webservices.client.MockWebServiceServerTestExecutionListener, org.springframework.boot.test.mock.mockito.MockitoTestExecutionListener, org.springframework.boot.test.mock.mockito.ResetMocksTestExecutionListener, org.springframework.test.context.web.ServletTestExecutionListener, org.springframework.test.context.support.DirtiesContextBeforeModesTestExecutionListener, org.springframework.test.context.event.ApplicationEventsTestExecutionListener, org.springframework.test.context.support.DependencyInjectionTestExecutionListener, org.springframework.test.context.support.DirtiesContextTestExecutionListener, org.springframework.test.context.transaction.TransactionalTestExecutionListener, org.springframework.test.context.jdbc.SqlScriptsTestExecutionListener, org.springframework.test.context.event.EventPublishingTestExecutionListener]
23:16:08.265 [Test worker] DEBUG org.springframework.boot.test.context.SpringBootTestContextBootstrapper - Skipping candidate TestExecutionListener [org.springframework.test.context.transaction.TransactionalTestExecutionListener] due to a missing dependency. Specify custom listener classes or make the default listener classes and their required dependencies available. Offending class: [org/springframework/transaction/interceptor/TransactionAttributeSource]
23:16:08.265 [Test worker] DEBUG org.springframework.boot.test.context.SpringBootTestContextBootstrapper - Skipping candidate TestExecutionListener [org.springframework.test.context.jdbc.SqlScriptsTestExecutionListener] due to a missing dependency. Specify custom listener classes or make the default listener classes and their required dependencies available. Offending class: [org/springframework/transaction/interceptor/TransactionAttribute]
23:16:08.266 [Test worker] INFO org.springframework.boot.test.context.SpringBootTestContextBootstrapper - Using TestExecutionListeners: [org.springframework.test.context.web.ServletTestExecutionListener@659eef7, org.springframework.test.context.support.DirtiesContextBeforeModesTestExecutionListener@162be91c, org.springframework.test.context.event.ApplicationEventsTestExecutionListener@2488b073, org.springframework.boot.test.mock.mockito.MockitoTestExecutionListener@1c9f0a20, org.springframework.boot.test.autoconfigure.SpringBootDependencyInjectionTestExecutionListener@55787112, org.springframework.test.context.support.DirtiesContextTestExecutionListener@1cd201a8, org.springframework.test.context.event.EventPublishingTestExecutionListener@7db82169, org.springframework.boot.test.autoconfigure.restdocs.RestDocsTestExecutionListener@1992eaf4, org.springframework.boot.test.autoconfigure.web.client.MockRestServiceServerResetTestExecutionListener@f74e835, org.springframework.boot.test.autoconfigure.web.servlet.MockMvcPrintOnlyOnFailureTestExecutionListener@3276732, org.springframework.boot.test.autoconfigure.web.servlet.WebDriverTestExecutionListener@3f28bd56, org.springframework.boot.test.autoconfigure.webservices.client.MockWebServiceServerTestExecutionListener@31e3250d, org.springframework.boot.test.mock.mockito.ResetMocksTestExecutionListener@19fe4644]
23:16:08.269 [Test worker] DEBUG org.springframework.test.context.support.AbstractDirtiesContextTestExecutionListener - Before test class: context [DefaultTestContext@4052274f testClass = EmployeeControllerTest, testInstance = [null], testMethod = [null], testException = [null], mergedContextConfiguration = [WebMergedContextConfiguration@132ddbab testClass = EmployeeControllerTest, locations = '{}', classes = '{class com.example.rqchallenge.RqChallengeApplication}', contextInitializerClasses = '[]', activeProfiles = '{}', propertySourceLocations = '{}', propertySourceProperties = '{org.springframework.boot.test.context.SpringBootTestContextBootstrapper=true}', contextCustomizers = set[org.springframework.boot.test.autoconfigure.actuate.metrics.MetricsExportContextCustomizerFactory$DisableMetricExportContextCustomizer@29ca3d04, org.springframework.boot.test.autoconfigure.properties.PropertyMappingContextCustomizer@0, org.springframework.boot.test.autoconfigure.web.servlet.WebDriverContextCustomizerFactory$Customizer@3c9c0d96, org.springframework.boot.test.context.filter.ExcludeFilterContextCustomizer@19b93fa8, org.springframework.boot.test.json.DuplicateJsonObjectContextCustomizerFactory$DuplicateJsonObjectContextCustomizer@40db2a24, org.springframework.boot.test.mock.mockito.MockitoContextCustomizer@0, org.springframework.boot.test.web.client.TestRestTemplateContextCustomizer@7dda48d9, org.springframework.boot.test.context.SpringBootTestArgs@1, org.springframework.boot.test.context.SpringBootTestWebEnvironment@4e096385], resourceBasePath = 'src/main/webapp', contextLoader = 'org.springframework.boot.test.context.SpringBootContextLoader', parent = [null]], attributes = map['org.springframework.test.context.web.ServletTestExecutionListener.activateListener' -> true]], class annotated with @DirtiesContext [false] with mode [null].
23:16:08.317 [Test worker] DEBUG org.springframework.boot.ApplicationServletEnvironment - Activating profiles []
23:16:08.318 [Test worker] DEBUG org.springframework.test.context.support.TestPropertySourceUtils - Adding inlined properties to environment: {spring.jmx.enabled=false, org.springframework.boot.test.context.SpringBootTestContextBootstrapper=true}

  .   ____          _            __ _ _
 /\\ / ___'_ __ _ _(_)_ __  __ _ \ \ \ \
( ( )\___ | '_ | '_| | '_ \/ _` | \ \ \ \
 \\/  ___)| |_)| | | | | || (_| |  ) ) ) )
  '  |____| .__|_| |_|_| |_\__, | / / / /
 =========|_|==============|___/=/_/_/_/
 :: Spring Boot ::                (v2.6.1)

2024-08-30 23:16:08.529  INFO 22588 --- [    Test worker] c.e.r.c.EmployeeControllerTest           : Starting EmployeeControllerTest using Java 17.0.11 on Theo with PID 22588 (started by kakki in C:\Users\kakki\Documents\Dev\ReliaQuest\java-employee-challenge)
2024-08-30 23:16:08.530  INFO 22588 --- [    Test worker] c.e.r.c.EmployeeControllerTest           : No active profile set, falling back to default profiles: default
2024-08-30 23:16:09.730  INFO 22588 --- [    Test worker] c.e.r.c.EmployeeControllerTest           : Started EmployeeControllerTest in 1.411 seconds (JVM running for 2.32)
]]></system-out>
  <system-err><![CDATA[]]></system-err>
</testsuite>
